c:\users\s172240\desktop\mygame\mygame\debug\vc140.pdb
c:\users\s172240\desktop\mygame\mygame\debug\vc140.idb
c:\users\s172240\desktop\mygame\mygame\debug\game.obj
c:\users\s172240\desktop\mygame\mygame\debug\samplescene.obj
c:\users\s172240\desktop\mygame\mygame\debug\main.obj
c:\users\s172240\desktop\mygame\mygame\debug\deviceresources.obj
c:\users\s172240\desktop\mygame\mygame\debug\framework.obj
c:\users\s172240\desktop\mygame\mygame\debug\pch.obj
c:\users\s172240\desktop\mygame\mygame\debug\scenebase.obj
c:\users\s172240\desktop\mygame\mygame\debug\scenemanager.obj
c:\users\s172240\desktop\mygame\debug\mygame.ilk
c:\users\s172240\desktop\mygame\debug\mygame.exe
c:\users\s172240\desktop\mygame\debug\mygame.pdb
c:\users\s172240\desktop\mygame\debug\mygame.lib
c:\users\s172240\desktop\mygame\debug\mygame.exp
c:\users\s172240\desktop\mygame\mygame\debug\resource.res
c:\users\s172240\desktop\mygame\mygame\debug\mygame.exe.embed.manifest.res
c:\users\s172240\desktop\mygame\mygame\debug\mygame.exe.embed.manifest
c:\users\s172240\desktop\mygame\mygame\debug\mygame_manifest.rc
c:\users\s172240\desktop\mygame\mygame\debug\mygame.tlog\cl.command.1.tlog
c:\users\s172240\desktop\mygame\mygame\debug\mygame.tlog\cl.read.1.tlog
c:\users\s172240\desktop\mygame\mygame\debug\mygame.tlog\cl.write.1.tlog
c:\users\s172240\desktop\mygame\mygame\debug\mygame.tlog\link.command.1.tlog
c:\users\s172240\desktop\mygame\mygame\debug\mygame.tlog\link.read.1.tlog
c:\users\s172240\desktop\mygame\mygame\debug\mygame.tlog\link.write.1.tlog
c:\users\s172240\desktop\mygame\mygame\debug\mygame.tlog\mygame.write.1u.tlog
c:\users\s172240\desktop\mygame\mygame\debug\mygame.tlog\rc.command.1.tlog
c:\users\s172240\desktop\mygame\mygame\debug\mygame.tlog\rc.read.1.tlog
c:\users\s172240\desktop\mygame\mygame\debug\mygame.tlog\rc.write.1.tlog
